<?xml version="1.0" encoding="UTF-8"?>
<testsuites>
  <testsuite name="fastlane.lanes">
    
    
    
      
      <testcase classname="fastlane.lanes" name="0: default_platform" time="0.000297749">
        
      </testcase>
    
      
      <testcase classname="fastlane.lanes" name="1: flutter clean" time="0.922238052">
        
      </testcase>
    
      
      <testcase classname="fastlane.lanes" name="2: flutter build apk --release --no-tree-shake-icons" time="95.426832733">
        
          <failure message="/var/lib/gems/3.2.0/gems/fastlane-2.228.0/fastlane/lib/fastlane/actions/actions_helper.rb:67:in `execute_action&apos;&#10;/var/lib/gems/3.2.0/gems/fastlane-2.228.0/fastlane/lib/fastlane/fast_file.rb:224:in `sh&apos;&#10;/var/lib/gems/3.2.0/gems/fastlane-2.228.0/fastlane/lib/fastlane/fast_file.rb:216:in `sh&apos;&#10;Fastfile:7:in `block (2 levels) in parsing_binding&apos;&#10;/var/lib/gems/3.2.0/gems/fastlane-2.228.0/fastlane/lib/fastlane/lane.rb:41:in `call&apos;&#10;/var/lib/gems/3.2.0/gems/fastlane-2.228.0/fastlane/lib/fastlane/runner.rb:49:in `block in execute&apos;&#10;/var/lib/gems/3.2.0/gems/fastlane-2.228.0/fastlane/lib/fastlane/runner.rb:45:in `chdir&apos;&#10;/var/lib/gems/3.2.0/gems/fastlane-2.228.0/fastlane/lib/fastlane/runner.rb:45:in `execute&apos;&#10;/var/lib/gems/3.2.0/gems/fastlane-2.228.0/fastlane/lib/fastlane/lane_manager.rb:46:in `cruise_lane&apos;&#10;/var/lib/gems/3.2.0/gems/fastlane-2.228.0/fastlane/lib/fastlane/command_line_handler.rb:34:in `handle&apos;&#10;/var/lib/gems/3.2.0/gems/fastlane-2.228.0/fastlane/lib/fastlane/commands_generator.rb:110:in `block (2 levels) in run&apos;&#10;/var/lib/gems/3.2.0/gems/commander-4.6.0/lib/commander/command.rb:187:in `call&apos;&#10;/var/lib/gems/3.2.0/gems/commander-4.6.0/lib/commander/command.rb:157:in `run&apos;&#10;/var/lib/gems/3.2.0/gems/commander-4.6.0/lib/commander/runner.rb:444:in `run_active_command&apos;&#10;/var/lib/gems/3.2.0/gems/fastlane-2.228.0/fastlane_core/lib/fastlane_core/ui/fastlane_runner.rb:124:in `run!&apos;&#10;/var/lib/gems/3.2.0/gems/commander-4.6.0/lib/commander/delegates.rb:18:in `run!&apos;&#10;/var/lib/gems/3.2.0/gems/fastlane-2.228.0/fastlane/lib/fastlane/commands_generator.rb:363:in `run&apos;&#10;/var/lib/gems/3.2.0/gems/fastlane-2.228.0/fastlane/lib/fastlane/commands_generator.rb:43:in `start&apos;&#10;/var/lib/gems/3.2.0/gems/fastlane-2.228.0/fastlane/lib/fastlane/cli_tools_distributor.rb:123:in `take_off&apos;&#10;/var/lib/gems/3.2.0/gems/fastlane-2.228.0/bin/fastlane:23:in `&lt;top (required)&gt;&apos;&#10;/usr/local/bin/fastlane:25:in `load&apos;&#10;/usr/local/bin/fastlane:25:in `&lt;top (required)&gt;&apos;&#10;/var/lib/gems/3.2.0/gems/bundler-2.7.2/lib/bundler/cli/exec.rb:59:in `load&apos;&#10;/var/lib/gems/3.2.0/gems/bundler-2.7.2/lib/bundler/cli/exec.rb:59:in `kernel_load&apos;&#10;/var/lib/gems/3.2.0/gems/bundler-2.7.2/lib/bundler/cli/exec.rb:23:in `run&apos;&#10;/var/lib/gems/3.2.0/gems/bundler-2.7.2/lib/bundler/cli.rb:456:in `exec&apos;&#10;/var/lib/gems/3.2.0/gems/bundler-2.7.2/lib/bundler/vendor/thor/lib/thor/command.rb:28:in `run&apos;&#10;/var/lib/gems/3.2.0/gems/bundler-2.7.2/lib/bundler/vendor/thor/lib/thor/invocation.rb:127:in `invoke_command&apos;&#10;/var/lib/gems/3.2.0/gems/bundler-2.7.2/lib/bundler/vendor/thor/lib/thor.rb:538:in `dispatch&apos;&#10;/var/lib/gems/3.2.0/gems/bundler-2.7.2/lib/bundler/cli.rb:35:in `dispatch&apos;&#10;/var/lib/gems/3.2.0/gems/bundler-2.7.2/lib/bundler/vendor/thor/lib/thor/base.rb:584:in `start&apos;&#10;/var/lib/gems/3.2.0/gems/bundler-2.7.2/lib/bundler/cli.rb:29:in `start&apos;&#10;/var/lib/gems/3.2.0/gems/bundler-2.7.2/exe/bundle:28:in `block in &lt;top (required)&gt;&apos;&#10;/var/lib/gems/3.2.0/gems/bundler-2.7.2/lib/bundler/friendly_errors.rb:118:in `with_friendly_errors&apos;&#10;/var/lib/gems/3.2.0/gems/bundler-2.7.2/exe/bundle:20:in `&lt;top (required)&gt;&apos;&#10;/usr/local/bin/bundle:25:in `load&apos;&#10;/usr/local/bin/bundle:25:in `&lt;main&gt;&apos;&#10;&#10;Exit status of command &apos;flutter build apk --release --no-tree-shake-icons&apos; was 1 instead of 0.&#10;Changing current working directory to: /home/ahmed-khaled/Desktop/flutter_projects/personal_projects/screen_scene&#10;Resolving dependencies...&#10;Downloading packages...&#10;  _flutterfire_internals 1.3.50 (1.3.64 available)&#10;  archive 4.0.2 (4.0.7 available)&#10;  args 2.6.0 (2.7.0 available)&#10;  async 2.11.0 (2.13.0 available)&#10;  bloc 9.0.0 (9.1.0 available)&#10;  boolean_selector 2.1.1 (2.1.2 available)&#10;  carousel_slider_plus 7.1.0 (7.1.1 available)&#10;  characters 1.4.0 (1.4.1 available)&#10;  checked_yaml 2.0.3 (2.0.4 available)&#10;  cloud_firestore 5.6.2 (6.1.0 available)&#10;  cloud_firestore_platform_interface 6.6.2 (7.0.4 available)&#10;  cloud_firestore_web 4.4.2 (5.1.0 available)&#10;  crypto 3.0.6 (3.0.7 available)&#10;  dio 5.8.0+1 (5.9.0 available)&#10;  dio_web_adapter 2.1.0 (2.1.1 available)&#10;  ffi 2.1.3 (2.1.4 available)&#10;  firebase_auth 5.4.1 (6.1.2 available)&#10;  firebase_auth_platform_interface 7.5.1 (8.1.4 available)&#10;  firebase_auth_web 5.13.7 (6.1.0 available)&#10;  firebase_core 3.10.1 (4.2.1 available)&#10;  firebase_core_platform_interface 5.4.0 (6.0.2 available)&#10;  firebase_core_web 2.19.0 (3.3.0 available)&#10;  flutter_bloc 9.0.0 (9.1.1 available)&#10;  flutter_facebook_auth 7.1.1 (7.1.2 available)&#10;  flutter_launcher_icons 0.14.3 (0.14.4 available)&#10;  flutter_lints 5.0.0 (6.0.0 available)&#10;  flutter_secure_storage_linux 1.2.2 (2.0.1 available)&#10;  flutter_secure_storage_macos 3.1.3 (4.0.0 available)&#10;  flutter_secure_storage_platform_interface 1.1.2 (2.0.1 available)&#10;  flutter_secure_storage_web 1.2.1 (2.0.0 available)&#10;  flutter_secure_storage_windows 3.1.2 (4.0.0 available)&#10;  flutter_svg 2.0.17 (2.2.2 available)&#10;  get_it 8.0.3 (9.0.5 available)&#10;  google_fonts 6.2.1 (6.3.2 available)&#10;  google_identity_services_web 0.3.3 (0.3.3+1 available)&#10;  google_sign_in 6.2.2 (7.2.0 available)&#10;  google_sign_in_android 6.1.34 (7.2.2 available)&#10;  google_sign_in_ios 5.7.8 (6.2.3 available)&#10;  google_sign_in_platform_interface 2.4.5 (3.1.0 available)&#10;  google_sign_in_web 0.12.4+3 (1.1.0 available)&#10;  http 1.3.0 (1.6.0 available)&#10;  image 4.5.2 (4.5.4 available)&#10;  js 0.6.7 (0.7.2 available)&#10;  lints 5.1.1 (6.0.0 available)&#10;  material_color_utilities 0.11.1 (0.13.0 available)&#10;  meta 1.16.0 (1.17.0 available)&#10;  path_provider_android 2.2.15 (2.2.20 available)&#10;  path_provider_foundation 2.4.1 (2.4.3 available)&#10;  petitparser 6.0.2 (7.0.1 available)&#10;  posix 6.0.1 (6.0.3 available)&#10;  provider 6.1.2 (6.1.5+1 available)&#10;  shared_preferences 2.5.1 (2.5.3 available)&#10;  shared_preferences_android 2.4.4 (2.4.15 available)&#10;  shared_preferences_foundation 2.5.4 (2.5.5 available)&#10;  shared_preferences_web 2.4.2 (2.4.3 available)&#10;  source_span 1.10.0 (1.10.1 available)&#10;  sqflite 2.4.1 (2.4.2 available)&#10;  sqflite_android 2.4.0 (2.4.2+2 available)&#10;  sqflite_common 2.5.4+6 (2.5.6 available)&#10;  sqflite_darwin 2.4.1+1 (2.4.2 available)&#10;  string_scanner 1.3.0 (1.4.1 available)&#10;  synchronized 3.3.0+3 (3.4.0 available)&#10;  term_glyph 1.2.1 (1.2.2 available)&#10;  test_api 0.7.6 (0.7.8 available)&#10;  uuid 4.5.1 (4.5.2 available)&#10;  vector_graphics 1.1.17 (1.1.19 available)&#10;  vector_graphics_compiler 1.1.16 (1.1.19 available)&#10;  vm_service 14.3.0 (15.0.2 available)&#10;  web 1.1.0 (1.1.1 available)&#10;  win32 5.10.1 (5.15.0 available)&#10;  xml 6.5.0 (6.6.1 available)&#10;Got dependencies!&#10;71 packages have newer versions incompatible with dependency constraints.&#10;Try `flutter pub outdated` for more information.&#10;Running Gradle task &apos;assembleRelease&apos;...                        &#10;warning: [options] source value 8 is obsolete and will be removed in a future release&#10;warning: [options] target value 8 is obsolete and will be removed in a future release&#10;warning: [options] To suppress warnings about obsolete options, use -Xlint:-options.&#10;3 warnings&#10;warning: [options] source value 8 is obsolete and will be removed in a future release&#10;warning: [options] target value 8 is obsolete and will be removed in a future release&#10;warning: [options] To suppress warnings about obsolete options, use -Xlint:-options.&#10;3 warnings&#10;warning: [options] source value 8 is obsolete and will be removed in a future release&#10;warning: [options] target value 8 is obsolete and will be removed in a future release&#10;warning: [options] To suppress warnings about obsolete options, use -Xlint:-options.&#10;3 warnings&#10;warning: [options] source value 8 is obsolete and will be removed in a future release&#10;warning: [options] target value 8 is obsolete and will be removed in a future release&#10;warning: [options] To suppress warnings about obsolete options, use -Xlint:-options.&#10;Note: Some input files use or override a deprecated API.&#10;Note: Recompile with -Xlint:deprecation for details.&#10;3 warnings&#10;warning: [options] source value 8 is obsolete and will be removed in a future release&#10;warning: [options] target value 8 is obsolete and will be removed in a future release&#10;warning: [options] To suppress warnings about obsolete options, use -Xlint:-options.&#10;3 warnings&#10;&#10;FAILURE: Build failed with an exception.&#10;&#10;* What went wrong:&#10;Execution failed for task &apos;:app:compileReleaseKotlin&apos;.&#10;&gt; Inconsistent JVM-target compatibility detected for tasks &apos;compileReleaseJavaWithJavac&apos; (17) and &apos;compileReleaseKotlin&apos; (21).&#10;&#10;  Consider using JVM Toolchain: https://kotl.in/gradle/jvm/toolchain&#10;  Learn more about JVM-target validation: https://kotl.in/gradle/jvm/target-validation &#10;&#10;* Try:&#10;&gt; Run with --stacktrace option to get the stack trace.&#10;&gt; Run with --info or --debug option to get more log output.&#10;&gt; Run with --scan to get full insights.&#10;&gt; Get more help at https://help.gradle.org.&#10;&#10;BUILD FAILED in 1m 31s&#10;Running Gradle task &apos;assembleRelease&apos;...                           92.1s&#10;Gradle task assembleRelease failed with exit code 1&#10;" />
        
      </testcase>
    
  </testsuite>
</testsuites>
